Flow report for adder_4_32b
Sun Mar 22 20:04:35 2026
Quartus Prime Version 25.1std.0 Build 1129 10/21/2025 SC Standard Edition


---------------------
; Table of Contents ;
---------------------
  1. Legal Notice
  2. Flow Summary
  3. Flow Settings
  4. Flow Non-Default Global Settings
  5. Flow Elapsed Time
  6. Flow OS Summary
  7. Flow Log
  8. Flow Messages
  9. Flow Suppressed Messages



----------------
; Legal Notice ;
----------------
Copyright (C) 2025  Altera Corporation. All rights reserved.
Your use of Altera Corporation's design tools, logic functions 
and other software and tools, and any partner logic 
functions, and any output files from any of the foregoing 
(including device programming or simulation files), and any 
associated documentation or information are expressly subject 
to the terms and conditions of the Altera Program License 
Subscription Agreement, the Altera Quartus Prime License Agreement,
the Altera IP License Agreement, or other applicable license
agreement, including, without limitation, that your use is for
the sole purpose of programming logic devices manufactured by
Altera and sold by Altera or its authorized distributors.  Please
refer to the Altera Software License Subscription Agreements 
on the Quartus Prime software download page.



+---------------------------------------------------------------------------------------+
; Flow Summary                                                                          ;
+---------------------------------+-----------------------------------------------------+
; Flow Status                     ; Successful - Sun Mar 22 20:04:35 2026               ;
; Quartus Prime Version           ; 25.1std.0 Build 1129 10/21/2025 SC Standard Edition ;
; Revision Name                   ; adder_4_32b                                         ;
; Top-level Entity Name           ; adder_4_32b                                         ;
; Family                          ; Cyclone V                                           ;
; Device                          ; 5CSXFC6D6F31C6                                      ;
; Timing Models                   ; Final                                               ;
; Logic utilization (in ALMs)     ; 17 / 41,910 ( < 1 % )                               ;
; Total registers                 ; 0                                                   ;
; Total pins                      ; 96 / 499 ( 19 % )                                   ;
; Total virtual pins              ; 0                                                   ;
; Total block memory bits         ; 0 / 5,662,720 ( 0 % )                               ;
; Total DSP Blocks                ; 0 / 112 ( 0 % )                                     ;
; Total HSSI RX PCSs              ; 0 / 9 ( 0 % )                                       ;
; Total HSSI PMA RX Deserializers ; 0 / 9 ( 0 % )                                       ;
; Total HSSI TX PCSs              ; 0 / 9 ( 0 % )                                       ;
; Total HSSI PMA TX Serializers   ; 0 / 9 ( 0 % )                                       ;
; Total PLLs                      ; 0 / 15 ( 0 % )                                      ;
; Total DLLs                      ; 0 / 4 ( 0 % )                                       ;
+---------------------------------+-----------------------------------------------------+


+-----------------------------------------+
; Flow Settings                           ;
+-------------------+---------------------+
; Option            ; Setting             ;
+-------------------+---------------------+
; Start date & time ; 03/22/2026 20:03:36 ;
; Main task         ; Compilation         ;
; Revision Name     ; adder_4_32b         ;
+-------------------+---------------------+


+------------------------------------------------------------------------------------------------------------------------------------------------+
; Flow Non-Default Global Settings                                                                                                               ;
+-------------------------------------+----------------------------------------+---------------+-------------+-----------------------------------+
; Assignment Name                     ; Value                                  ; Default Value ; Entity Name ; Section Id                        ;
+-------------------------------------+----------------------------------------+---------------+-------------+-----------------------------------+
; COMPILER_SIGNATURE_ID               ; 220152334193333.177423141635879        ; --            ; --          ; --                                ;
; EDA_GENERATE_FUNCTIONAL_NETLIST     ; Off                                    ; --            ; --          ; eda_board_design_timing           ;
; EDA_GENERATE_FUNCTIONAL_NETLIST     ; Off                                    ; --            ; --          ; eda_board_design_boundary_scan    ;
; EDA_GENERATE_FUNCTIONAL_NETLIST     ; Off                                    ; --            ; --          ; eda_board_design_signal_integrity ;
; EDA_GENERATE_FUNCTIONAL_NETLIST     ; Off                                    ; --            ; --          ; eda_board_design_symbol           ;
; EDA_OUTPUT_DATA_FORMAT              ; Verilog Hdl                            ; --            ; --          ; eda_simulation                    ;
; EDA_SIMULATION_TOOL                 ; Questa Altera FPGA (Verilog)           ; <None>        ; --          ; --                                ;
; EDA_TIME_SCALE                      ; 1 ps                                   ; --            ; --          ; eda_simulation                    ;
; MAX_CORE_JUNCTION_TEMP              ; 85                                     ; --            ; --          ; --                                ;
; MIN_CORE_JUNCTION_TEMP              ; 0                                      ; --            ; --          ; --                                ;
; PARTITION_COLOR                     ; -- (Not supported for targeted family) ; --            ; --          ; Top                               ;
; PARTITION_FITTER_PRESERVATION_LEVEL ; -- (Not supported for targeted family) ; --            ; --          ; Top                               ;
; PARTITION_NETLIST_TYPE              ; -- (Not supported for targeted family) ; --            ; --          ; Top                               ;
; PROJECT_OUTPUT_DIRECTORY            ; output_files                           ; --            ; --          ; --                                ;
+-------------------------------------+----------------------------------------+---------------+-------------+-----------------------------------+


+--------------------------------------------------------------------------------------------------------------------------+
; Flow Elapsed Time                                                                                                        ;
+----------------------+--------------+-------------------------+---------------------+------------------------------------+
; Module Name          ; Elapsed Time ; Average Processors Used ; Peak Virtual Memory ; Total CPU Time (on all processors) ;
+----------------------+--------------+-------------------------+---------------------+------------------------------------+
; Analysis & Synthesis ; 00:00:08     ; 1.0                     ; 412 MB              ; 00:00:31                           ;
; Fitter               ; 00:00:32     ; 1.0                     ; 2669 MB             ; 00:01:18                           ;
; Assembler            ; 00:00:07     ; 1.0                     ; 513 MB              ; 00:00:07                           ;
; Timing Analyzer      ; 00:00:05     ; 1.2                     ; 989 MB              ; 00:00:06                           ;
; EDA Netlist Writer   ; 00:00:01     ; 1.0                     ; 663 MB              ; 00:00:01                           ;
; Total                ; 00:00:53     ; --                      ; --                  ; 00:02:03                           ;
+----------------------+--------------+-------------------------+---------------------+------------------------------------+


+---------------------------------------------------------------------------------+
; Flow OS Summary                                                                 ;
+----------------------+------------------+---------+------------+----------------+
; Module Name          ; Machine Hostname ; OS Name ; OS Version ; Processor type ;
+----------------------+------------------+---------+------------+----------------+
; Analysis & Synthesis ; habid-server     ; Ubuntu  ; 24         ; x86_64         ;
; Fitter               ; habid-server     ; Ubuntu  ; 24         ; x86_64         ;
; Assembler            ; habid-server     ; Ubuntu  ; 24         ; x86_64         ;
; Timing Analyzer      ; habid-server     ; Ubuntu  ; 24         ; x86_64         ;
; EDA Netlist Writer   ; habid-server     ; Ubuntu  ; 24         ; x86_64         ;
+----------------------+------------------+---------+------------+----------------+


------------
; Flow Log ;
------------
quartus_map --read_settings_files=on --write_settings_files=off adder_4_32b -c adder_4_32b
quartus_fit --read_settings_files=off --write_settings_files=off adder_4_32b -c adder_4_32b
quartus_asm --read_settings_files=off --write_settings_files=off adder_4_32b -c adder_4_32b
quartus_sta adder_4_32b -c adder_4_32b
quartus_eda --read_settings_files=off --write_settings_files=off adder_4_32b -c adder_4_32b



