Analysis & Synthesis report for rv32i_single_cycle
Sun Mar 29 00:08:18 2026
Quartus Prime Version 25.1std.0 Build 1129 10/21/2025 SC Standard Edition


---------------------
; Table of Contents ;
---------------------
  1. Legal Notice
  2. Analysis & Synthesis Summary
  3. Analysis & Synthesis Settings
  4. Parallel Compilation
  5. Analysis & Synthesis Source Files Read
  6. Analysis & Synthesis Resource Usage Summary
  7. Analysis & Synthesis Resource Utilization by Entity
  8. General Register Statistics
  9. Parameter Settings for User Entity Instance: Top-level Entity: |rv32i_single_cycle
 10. Parameter Settings for User Entity Instance: program_counter:u_pc
 11. Parameter Settings for User Entity Instance: adder_4_32b:u_pc_add4
 12. Parameter Settings for User Entity Instance: rom_combinational_sc:u_imem
 13. Parameter Settings for User Entity Instance: register_file:u_reg_file
 14. Parameter Settings for User Entity Instance: mux_2i_1o:u_mux_alu_a
 15. Parameter Settings for User Entity Instance: mux_2i_1o:u_mux_alu_b
 16. Parameter Settings for User Entity Instance: alu_riscv_rv32i:u_alu
 17. Parameter Settings for User Entity Instance: mul_module:u_mul
 18. Parameter Settings for User Entity Instance: data_memory:u_dmem
 19. Parameter Settings for User Entity Instance: mux_4i_1o:u_mux_result
 20. Parameter Settings for User Entity Instance: mux_2i_1o:u_mux_mul
 21. Parameter Settings for User Entity Instance: adder_4_32b:u_pc_add_imm
 22. Parameter Settings for User Entity Instance: mux_2i_1o:u_mux_jalr
 23. Parameter Settings for User Entity Instance: mux_2i_1o:u_mux_pc_next
 24. Port Connectivity Checks: "mux_2i_1o:u_mux_jalr"
 25. Port Connectivity Checks: "alu_riscv_rv32i:u_alu"
 26. Port Connectivity Checks: "adder_4_32b:u_pc_add4"
 27. Port Connectivity Checks: "program_counter:u_pc"
 28. Post-Synthesis Netlist Statistics for Top Partition
 29. Elapsed Time Per Partition
 30. Analysis & Synthesis Messages



----------------
; Legal Notice ;
----------------
Copyright (C) 2025  Altera Corporation. All rights reserved.
Your use of Altera Corporation's design tools, logic functions 
and other software and tools, and any partner logic 
functions, and any output files from any of the foregoing 
(including device programming or simulation files), and any 
associated documentation or information are expressly subject 
to the terms and conditions of the Altera Program License 
Subscription Agreement, the Altera Quartus Prime License Agreement,
the Altera IP License Agreement, or other applicable license
agreement, including, without limitation, that your use is for
the sole purpose of programming logic devices manufactured by
Altera and sold by Altera or its authorized distributors.  Please
refer to the Altera Software License Subscription Agreements 
on the Quartus Prime software download page.



+---------------------------------------------------------------------------------------+
; Analysis & Synthesis Summary                                                          ;
+---------------------------------+-----------------------------------------------------+
; Analysis & Synthesis Status     ; Successful - Sun Mar 29 00:08:18 2026               ;
; Quartus Prime Version           ; 25.1std.0 Build 1129 10/21/2025 SC Standard Edition ;
; Revision Name                   ; rv32i_single_cycle                                  ;
; Top-level Entity Name           ; rv32i_single_cycle                                  ;
; Family                          ; Cyclone V                                           ;
; Logic utilization (in ALMs)     ; N/A                                                 ;
; Total registers                 ; 0                                                   ;
; Total pins                      ; 2                                                   ;
; Total virtual pins              ; 0                                                   ;
; Total block memory bits         ; 0                                                   ;
; Total DSP Blocks                ; 0                                                   ;
; Total HSSI RX PCSs              ; 0                                                   ;
; Total HSSI PMA RX Deserializers ; 0                                                   ;
; Total HSSI TX PCSs              ; 0                                                   ;
; Total HSSI PMA TX Serializers   ; 0                                                   ;
; Total PLLs                      ; 0                                                   ;
; Total DLLs                      ; 0                                                   ;
+---------------------------------+-----------------------------------------------------+


+---------------------------------------------------------------------------------------------------------------------------+
; Analysis & Synthesis Settings                                                                                             ;
+---------------------------------------------------------------------------------+--------------------+--------------------+
; Option                                                                          ; Setting            ; Default Value      ;
+---------------------------------------------------------------------------------+--------------------+--------------------+
; Device                                                                          ; 5CSXFC6D6F31C6     ;                    ;
; Top-level entity name                                                           ; rv32i_single_cycle ; rv32i_single_cycle ;
; Family name                                                                     ; Cyclone V          ; Cyclone V          ;
; Use smart compilation                                                           ; Off                ; Off                ;
; Enable parallel Assembler and Timing Analyzer during compilation                ; On                 ; On                 ;
; Enable compact report table                                                     ; Off                ; Off                ;
; Restructure Multiplexers                                                        ; Auto               ; Auto               ;
; MLAB Add Timing Constraints For Mixed-Port Feed-Through Mode Setting Don't Care ; Off                ; Off                ;
; Create Debugging Nodes for IP Cores                                             ; Off                ; Off                ;
; Preserve fewer node names                                                       ; On                 ; On                 ;
; Intel FPGA IP Evaluation Mode                                                   ; Enable             ; Enable             ;
; Verilog Version                                                                 ; Verilog_2001       ; Verilog_2001       ;
; VHDL Version                                                                    ; VHDL_1993          ; VHDL_1993          ;
; State Machine Processing                                                        ; Auto               ; Auto               ;
; Safe State Machine                                                              ; Off                ; Off                ;
; Extract Verilog State Machines                                                  ; On                 ; On                 ;
; Extract VHDL State Machines                                                     ; On                 ; On                 ;
; Ignore Verilog initial constructs                                               ; Off                ; Off                ;
; Iteration limit for constant Verilog loops                                      ; 5000               ; 5000               ;
; Iteration limit for non-constant Verilog loops                                  ; 250                ; 250                ;
; Add Pass-Through Logic to Inferred RAMs                                         ; On                 ; On                 ;
; Infer RAMs from Raw Logic                                                       ; On                 ; On                 ;
; Parallel Synthesis                                                              ; On                 ; On                 ;
; DSP Block Balancing                                                             ; Auto               ; Auto               ;
; NOT Gate Push-Back                                                              ; On                 ; On                 ;
; Power-Up Don't Care                                                             ; On                 ; On                 ;
; Remove Redundant Logic Cells                                                    ; Off                ; Off                ;
; Remove Duplicate Registers                                                      ; On                 ; On                 ;
; Ignore CARRY Buffers                                                            ; Off                ; Off                ;
; Ignore CASCADE Buffers                                                          ; Off                ; Off                ;
; Ignore GLOBAL Buffers                                                           ; Off                ; Off                ;
; Ignore ROW GLOBAL Buffers                                                       ; Off                ; Off                ;
; Ignore LCELL Buffers                                                            ; Off                ; Off                ;
; Ignore SOFT Buffers                                                             ; On                 ; On                 ;
; Limit AHDL Integers to 32 Bits                                                  ; Off                ; Off                ;
; Optimization Technique                                                          ; Balanced           ; Balanced           ;
; Carry Chain Length                                                              ; 70                 ; 70                 ;
; Auto Carry Chains                                                               ; On                 ; On                 ;
; Auto Open-Drain Pins                                                            ; On                 ; On                 ;
; Perform WYSIWYG Primitive Resynthesis                                           ; Off                ; Off                ;
; Auto ROM Replacement                                                            ; On                 ; On                 ;
; Auto RAM Replacement                                                            ; On                 ; On                 ;
; Auto DSP Block Replacement                                                      ; On                 ; On                 ;
; Auto Shift Register Replacement                                                 ; Auto               ; Auto               ;
; Allow Shift Register Merging across Hierarchies                                 ; Auto               ; Auto               ;
; Auto Clock Enable Replacement                                                   ; On                 ; On                 ;
; Strict RAM Replacement                                                          ; Off                ; Off                ;
; Allow Synchronous Control Signals                                               ; On                 ; On                 ;
; Force Use of Synchronous Clear Signals                                          ; Off                ; Off                ;
; Auto Resource Sharing                                                           ; Off                ; Off                ;
; Allow Any RAM Size For Recognition                                              ; Off                ; Off                ;
; Allow Any ROM Size For Recognition                                              ; Off                ; Off                ;
; Allow Any Shift Register Size For Recognition                                   ; Off                ; Off                ;
; Use LogicLock Constraints during Resource Balancing                             ; On                 ; On                 ;
; Ignore translate_off and synthesis_off directives                               ; Off                ; Off                ;
; Timing-Driven Synthesis                                                         ; On                 ; On                 ;
; Report Parameter Settings                                                       ; On                 ; On                 ;
; Report Source Assignments                                                       ; On                 ; On                 ;
; Report Connectivity Checks                                                      ; On                 ; On                 ;
; Ignore Maximum Fan-Out Assignments                                              ; Off                ; Off                ;
; Synchronization Register Chain Length                                           ; 3                  ; 3                  ;
; Power Optimization During Synthesis                                             ; Normal compilation ; Normal compilation ;
; HDL message level                                                               ; Level2             ; Level2             ;
; Suppress Register Optimization Related Messages                                 ; Off                ; Off                ;
; Number of Removed Registers Reported in Synthesis Report                        ; 5000               ; 5000               ;
; Number of Swept Nodes Reported in Synthesis Report                              ; 5000               ; 5000               ;
; Number of Inverted Registers Reported in Synthesis Report                       ; 100                ; 100                ;
; Clock MUX Protection                                                            ; On                 ; On                 ;
; Auto Gated Clock Conversion                                                     ; Off                ; Off                ;
; Block Design Naming                                                             ; Auto               ; Auto               ;
; SDC constraint protection                                                       ; Off                ; Off                ;
; Synthesis Effort                                                                ; Auto               ; Auto               ;
; Shift Register Replacement - Allow Asynchronous Clear Signal                    ; On                 ; On                 ;
; Pre-Mapping Resynthesis Optimization                                            ; Off                ; Off                ;
; Analysis & Synthesis Message Level                                              ; Medium             ; Medium             ;
; Disable Register Merging Across Hierarchies                                     ; Auto               ; Auto               ;
; Resource Aware Inference For Block RAM                                          ; On                 ; On                 ;
; Automatic Parallel Synthesis                                                    ; On                 ; On                 ;
; Partial Reconfiguration Bitstream ID                                            ; Off                ; Off                ;
+---------------------------------------------------------------------------------+--------------------+--------------------+


+------------------------------------------+
; Parallel Compilation                     ;
+----------------------------+-------------+
; Processors                 ; Number      ;
+----------------------------+-------------+
; Number detected on machine ; 16          ;
; Maximum allowed            ; 16          ;
;                            ;             ;
; Average used               ; 1.00        ;
; Maximum used               ; 1           ;
;                            ;             ;
; Usage by Processor         ; % Time Used ;
;     Processor 1            ; 100.0%      ;
+----------------------------+-------------+


+---------------------------------------------------------------------------------------------------------------------------------------------------------------------------------------------------------+
; Analysis & Synthesis Source Files Read                                                                                                                                                                  ;
+----------------------------------------------------------+-----------------+------------------------+-----------------------------------------------------------------------------------------+---------+
; File Name with User-Entered Path                         ; Used in Netlist ; File Type              ; File Name with Absolute Path                                                            ; Library ;
+----------------------------------------------------------+-----------------+------------------------+-----------------------------------------------------------------------------------------+---------+
; ../source/rv32i_single_cycle.v                           ; yes             ; User Verilog HDL File  ; /home/habid/Quartus_ITESO/ip_modules/rv32i_single_cycle/source/rv32i_single_cycle.v     ;         ;
; ../../program_counter/source/program_counter.v           ; yes             ; User Verilog HDL File  ; /home/habid/Quartus_ITESO/ip_modules/program_counter/source/program_counter.v           ;         ;
; ../../adder_4_32b/source/adder_4_32b.v                   ; yes             ; User Verilog HDL File  ; /home/habid/Quartus_ITESO/ip_modules/adder_4_32b/source/adder_4_32b.v                   ;         ;
; ../../rom_combinational_sc/source/rom_combinational_sc.v ; yes             ; User Verilog HDL File  ; /home/habid/Quartus_ITESO/ip_modules/rom_combinational_sc/source/rom_combinational_sc.v ;         ;
; ../../main_control_rv32i/source/main_control_rv32i.v     ; yes             ; User Verilog HDL File  ; /home/habid/Quartus_ITESO/ip_modules/main_control_rv32i/source/main_control_rv32i.v     ;         ;
; ../../control_alu_rv32i/source/control_alu_rv32i.v       ; yes             ; User Verilog HDL File  ; /home/habid/Quartus_ITESO/ip_modules/control_alu_rv32i/source/control_alu_rv32i.v       ;         ;
; ../../imm_generator/source/imm_generator.v               ; yes             ; User Verilog HDL File  ; /home/habid/Quartus_ITESO/ip_modules/imm_generator/source/imm_generator.v               ;         ;
; ../../register_file/source/register_file.v               ; yes             ; User Verilog HDL File  ; /home/habid/Quartus_ITESO/ip_modules/register_file/source/register_file.v               ;         ;
; ../../mux_2i_1o/source/mux_2i_1o.v                       ; yes             ; User Verilog HDL File  ; /home/habid/Quartus_ITESO/ip_modules/mux_2i_1o/source/mux_2i_1o.v                       ;         ;
; ../../mux_4i_1o/source/mux_4i_1o.v                       ; yes             ; User Verilog HDL File  ; /home/habid/Quartus_ITESO/ip_modules/mux_4i_1o/source/mux_4i_1o.v                       ;         ;
; ../../alu_riscv_rv32i/source/alu_riscv_rv32i.v           ; yes             ; User Verilog HDL File  ; /home/habid/Quartus_ITESO/ip_modules/alu_riscv_rv32i/source/alu_riscv_rv32i.v           ;         ;
; ../../mul_module/source/mul_module.v                     ; yes             ; User Verilog HDL File  ; /home/habid/Quartus_ITESO/ip_modules/mul_module/source/mul_module.v                     ;         ;
; ../../data_memory/source/data_memory.v                   ; yes             ; User Verilog HDL File  ; /home/habid/Quartus_ITESO/ip_modules/data_memory/source/data_memory.v                   ;         ;
; ../../branch_unit/source/branch_unit.v                   ; yes             ; User Verilog HDL File  ; /home/habid/Quartus_ITESO/ip_modules/branch_unit/source/branch_unit.v                   ;         ;
+----------------------------------------------------------+-----------------+------------------------+-----------------------------------------------------------------------------------------+---------+


+-----------------------------------------------------+
; Analysis & Synthesis Resource Usage Summary         ;
+---------------------------------------------+-------+
; Resource                                    ; Usage ;
+---------------------------------------------+-------+
; Estimate of Logic utilization (ALMs needed) ; 0     ;
;                                             ;       ;
; Combinational ALUT usage for logic          ; 0     ;
;     -- 7 input functions                    ; 0     ;
;     -- 6 input functions                    ; 0     ;
;     -- 5 input functions                    ; 0     ;
;     -- 4 input functions                    ; 0     ;
;     -- <=3 input functions                  ; 0     ;
;                                             ;       ;
; Dedicated logic registers                   ; 0     ;
;                                             ;       ;
; I/O pins                                    ; 2     ;
;                                             ;       ;
; Total DSP Blocks                            ; 0     ;
;                                             ;       ;
; Maximum fan-out node                        ; clk   ;
; Maximum fan-out                             ; 1     ;
; Total fan-out                               ; 2     ;
; Average fan-out                             ; 0.50  ;
+---------------------------------------------+-------+


+-----------------------------------------------------------------------------------------------------------------------------------------------------------------------------------------------+
; Analysis & Synthesis Resource Utilization by Entity                                                                                                                                           ;
+----------------------------+---------------------+---------------------------+-------------------+------------+------+--------------+---------------------+--------------------+--------------+
; Compilation Hierarchy Node ; Combinational ALUTs ; Dedicated Logic Registers ; Block Memory Bits ; DSP Blocks ; Pins ; Virtual Pins ; Full Hierarchy Name ; Entity Name        ; Library Name ;
+----------------------------+---------------------+---------------------------+-------------------+------------+------+--------------+---------------------+--------------------+--------------+
; |rv32i_single_cycle        ; 0 (0)               ; 0 (0)                     ; 0                 ; 0          ; 2    ; 0            ; |rv32i_single_cycle ; rv32i_single_cycle ; work         ;
+----------------------------+---------------------+---------------------------+-------------------+------------+------+--------------+---------------------+--------------------+--------------+
Note: For table entries with two numbers listed, the numbers in parentheses indicate the number of resources of the given type used by the specific entity alone. The numbers listed outside of parentheses indicate the total resources of the given type used by the specific entity and all of its sub-entities in the hierarchy.


+------------------------------------------------------+
; General Register Statistics                          ;
+----------------------------------------------+-------+
; Statistic                                    ; Value ;
+----------------------------------------------+-------+
; Total registers                              ; 0     ;
; Number of registers using Synchronous Clear  ; 0     ;
; Number of registers using Synchronous Load   ; 0     ;
; Number of registers using Asynchronous Clear ; 0     ;
; Number of registers using Asynchronous Load  ; 0     ;
; Number of registers using Clock Enable       ; 0     ;
; Number of registers using Preset             ; 0     ;
+----------------------------------------------+-------+


+------------------------------------------------------------------------------------+
; Parameter Settings for User Entity Instance: Top-level Entity: |rv32i_single_cycle ;
+----------------+----------------------------------+--------------------------------+
; Parameter Name ; Value                            ; Type                           ;
+----------------+----------------------------------+--------------------------------+
; IMEM_DEPTH     ; 64                               ; Signed Integer                 ;
; DMEM_DEPTH     ; 256                              ; Signed Integer                 ;
; RESET_VECTOR   ; 00000000000000000000000000000000 ; Unsigned Binary                ;
; HEX_FILE       ; program.hex                      ; String                         ;
+----------------+----------------------------------+--------------------------------+
Note: In order to hide this table in the UI and the text report file, please set the "Show Parameter Settings in Synthesis Report" option in "Analysis and Synthesis Settings -> More Settings" to "Off".


+---------------------------------------------------------------------+
; Parameter Settings for User Entity Instance: program_counter:u_pc   ;
+----------------+----------------------------------+-----------------+
; Parameter Name ; Value                            ; Type            ;
+----------------+----------------------------------+-----------------+
; WIDTH          ; 32                               ; Signed Integer  ;
; RESET_VECTOR   ; 00000000000000000000000000000000 ; Unsigned Binary ;
+----------------+----------------------------------+-----------------+
Note: In order to hide this table in the UI and the text report file, please set the "Show Parameter Settings in Synthesis Report" option in "Analysis and Synthesis Settings -> More Settings" to "Off".


+--------------------------------------------------------------------+
; Parameter Settings for User Entity Instance: adder_4_32b:u_pc_add4 ;
+----------------+-------+-------------------------------------------+
; Parameter Name ; Value ; Type                                      ;
+----------------+-------+-------------------------------------------+
; WIDTH          ; 32    ; Signed Integer                            ;
+----------------+-------+-------------------------------------------+
Note: In order to hide this table in the UI and the text report file, please set the "Show Parameter Settings in Synthesis Report" option in "Analysis and Synthesis Settings -> More Settings" to "Off".


+--------------------------------------------------------------------------+
; Parameter Settings for User Entity Instance: rom_combinational_sc:u_imem ;
+----------------+-------------+-------------------------------------------+
; Parameter Name ; Value       ; Type                                      ;
+----------------+-------------+-------------------------------------------+
; DEPTH          ; 64          ; Signed Integer                            ;
; HEX_FILE       ; program.hex ; String                                    ;
+----------------+-------------+-------------------------------------------+
Note: In order to hide this table in the UI and the text report file, please set the "Show Parameter Settings in Synthesis Report" option in "Analysis and Synthesis Settings -> More Settings" to "Off".


+-----------------------------------------------------------------------+
; Parameter Settings for User Entity Instance: register_file:u_reg_file ;
+----------------+-------+----------------------------------------------+
; Parameter Name ; Value ; Type                                         ;
+----------------+-------+----------------------------------------------+
; WIDTH          ; 32    ; Signed Integer                               ;
+----------------+-------+----------------------------------------------+
Note: In order to hide this table in the UI and the text report file, please set the "Show Parameter Settings in Synthesis Report" option in "Analysis and Synthesis Settings -> More Settings" to "Off".


+--------------------------------------------------------------------+
; Parameter Settings for User Entity Instance: mux_2i_1o:u_mux_alu_a ;
+----------------+-------+-------------------------------------------+
; Parameter Name ; Value ; Type                                      ;
+----------------+-------+-------------------------------------------+
; WIDTH          ; 32    ; Signed Integer                            ;
+----------------+-------+-------------------------------------------+
Note: In order to hide this table in the UI and the text report file, please set the "Show Parameter Settings in Synthesis Report" option in "Analysis and Synthesis Settings -> More Settings" to "Off".


+--------------------------------------------------------------------+
; Parameter Settings for User Entity Instance: mux_2i_1o:u_mux_alu_b ;
+----------------+-------+-------------------------------------------+
; Parameter Name ; Value ; Type                                      ;
+----------------+-------+-------------------------------------------+
; WIDTH          ; 32    ; Signed Integer                            ;
+----------------+-------+-------------------------------------------+
Note: In order to hide this table in the UI and the text report file, please set the "Show Parameter Settings in Synthesis Report" option in "Analysis and Synthesis Settings -> More Settings" to "Off".


+--------------------------------------------------------------------+
; Parameter Settings for User Entity Instance: alu_riscv_rv32i:u_alu ;
+----------------+-------+-------------------------------------------+
; Parameter Name ; Value ; Type                                      ;
+----------------+-------+-------------------------------------------+
; WIDTH          ; 32    ; Signed Integer                            ;
+----------------+-------+-------------------------------------------+
Note: In order to hide this table in the UI and the text report file, please set the "Show Parameter Settings in Synthesis Report" option in "Analysis and Synthesis Settings -> More Settings" to "Off".


+---------------------------------------------------------------+
; Parameter Settings for User Entity Instance: mul_module:u_mul ;
+----------------+-------+--------------------------------------+
; Parameter Name ; Value ; Type                                 ;
+----------------+-------+--------------------------------------+
; WIDTH          ; 32    ; Signed Integer                       ;
+----------------+-------+--------------------------------------+
Note: In order to hide this table in the UI and the text report file, please set the "Show Parameter Settings in Synthesis Report" option in "Analysis and Synthesis Settings -> More Settings" to "Off".


+-----------------------------------------------------------------+
; Parameter Settings for User Entity Instance: data_memory:u_dmem ;
+----------------+-------+----------------------------------------+
; Parameter Name ; Value ; Type                                   ;
+----------------+-------+----------------------------------------+
; DEPTH          ; 256   ; Signed Integer                         ;
+----------------+-------+----------------------------------------+
Note: In order to hide this table in the UI and the text report file, please set the "Show Parameter Settings in Synthesis Report" option in "Analysis and Synthesis Settings -> More Settings" to "Off".


+---------------------------------------------------------------------+
; Parameter Settings for User Entity Instance: mux_4i_1o:u_mux_result ;
+----------------+-------+--------------------------------------------+
; Parameter Name ; Value ; Type                                       ;
+----------------+-------+--------------------------------------------+
; WIDTH          ; 32    ; Signed Integer                             ;
+----------------+-------+--------------------------------------------+
Note: In order to hide this table in the UI and the text report file, please set the "Show Parameter Settings in Synthesis Report" option in "Analysis and Synthesis Settings -> More Settings" to "Off".


+------------------------------------------------------------------+
; Parameter Settings for User Entity Instance: mux_2i_1o:u_mux_mul ;
+----------------+-------+-----------------------------------------+
; Parameter Name ; Value ; Type                                    ;
+----------------+-------+-----------------------------------------+
; WIDTH          ; 32    ; Signed Integer                          ;
+----------------+-------+-----------------------------------------+
Note: In order to hide this table in the UI and the text report file, please set the "Show Parameter Settings in Synthesis Report" option in "Analysis and Synthesis Settings -> More Settings" to "Off".


+-----------------------------------------------------------------------+
; Parameter Settings for User Entity Instance: adder_4_32b:u_pc_add_imm ;
+----------------+-------+----------------------------------------------+
; Parameter Name ; Value ; Type                                         ;
+----------------+-------+----------------------------------------------+
; WIDTH          ; 32    ; Signed Integer                               ;
+----------------+-------+----------------------------------------------+
Note: In order to hide this table in the UI and the text report file, please set the "Show Parameter Settings in Synthesis Report" option in "Analysis and Synthesis Settings -> More Settings" to "Off".


+-------------------------------------------------------------------+
; Parameter Settings for User Entity Instance: mux_2i_1o:u_mux_jalr ;
+----------------+-------+------------------------------------------+
; Parameter Name ; Value ; Type                                     ;
+----------------+-------+------------------------------------------+
; WIDTH          ; 32    ; Signed Integer                           ;
+----------------+-------+------------------------------------------+
Note: In order to hide this table in the UI and the text report file, please set the "Show Parameter Settings in Synthesis Report" option in "Analysis and Synthesis Settings -> More Settings" to "Off".


+----------------------------------------------------------------------+
; Parameter Settings for User Entity Instance: mux_2i_1o:u_mux_pc_next ;
+----------------+-------+---------------------------------------------+
; Parameter Name ; Value ; Type                                        ;
+----------------+-------+---------------------------------------------+
; WIDTH          ; 32    ; Signed Integer                              ;
+----------------+-------+---------------------------------------------+
Note: In order to hide this table in the UI and the text report file, please set the "Show Parameter Settings in Synthesis Report" option in "Analysis and Synthesis Settings -> More Settings" to "Off".


+--------------------------------------------------+
; Port Connectivity Checks: "mux_2i_1o:u_mux_jalr" ;
+---------+-------+----------+---------------------+
; Port    ; Type  ; Severity ; Details             ;
+---------+-------+----------+---------------------+
; i_d1[0] ; Input ; Info     ; Stuck at GND        ;
+---------+-------+----------+---------------------+


+------------------------------------------------------------------------------------------------------------------+
; Port Connectivity Checks: "alu_riscv_rv32i:u_alu"                                                                ;
+--------+--------+----------+-------------------------------------------------------------------------------------+
; Port   ; Type   ; Severity ; Details                                                                             ;
+--------+--------+----------+-------------------------------------------------------------------------------------+
; o_zero ; Output ; Info     ; Connected to dangling logic. Logic that only feeds a dangling port will be removed. ;
+--------+--------+----------+-------------------------------------------------------------------------------------+


+---------------------------------------------------+
; Port Connectivity Checks: "adder_4_32b:u_pc_add4" ;
+------------+-------+----------+-------------------+
; Port       ; Type  ; Severity ; Details           ;
+------------+-------+----------+-------------------+
; i_b[31..3] ; Input ; Info     ; Stuck at GND      ;
; i_b[1..0]  ; Input ; Info     ; Stuck at GND      ;
; i_b[2]     ; Input ; Info     ; Stuck at VCC      ;
+------------+-------+----------+-------------------+


+--------------------------------------------------+
; Port Connectivity Checks: "program_counter:u_pc" ;
+------+-------+----------+------------------------+
; Port ; Type  ; Severity ; Details                ;
+------+-------+----------+------------------------+
; en   ; Input ; Info     ; Stuck at VCC           ;
+------+-------+----------+------------------------+


+-----------------------------------------------------+
; Post-Synthesis Netlist Statistics for Top Partition ;
+-------------------+---------------------------------+
; Type              ; Count                           ;
+-------------------+---------------------------------+
; boundary_port     ; 2                               ;
;                   ;                                 ;
; Max LUT depth     ; 0.00                            ;
; Average LUT depth ; 0.00                            ;
+-------------------+---------------------------------+


+-------------------------------+
; Elapsed Time Per Partition    ;
+----------------+--------------+
; Partition Name ; Elapsed Time ;
+----------------+--------------+
; Top            ; 00:00:00     ;
+----------------+--------------+


+-------------------------------+
; Analysis & Synthesis Messages ;
+-------------------------------+
Info: *******************************************************************
Info: Running Quartus Prime Analysis & Synthesis
    Info: Version 25.1std.0 Build 1129 10/21/2025 SC Standard Edition
    Info: Processing started: Sun Mar 29 00:08:10 2026
Info: Command: quartus_map --read_settings_files=on --write_settings_files=off rv32i_single_cycle -c rv32i_single_cycle
Warning (18236): Number of processors has not been specified which may cause overloading on shared machines.  Set the global assignment NUM_PARALLEL_PROCESSORS in your QSF to an appropriate value for best performance.
Info (20030): Parallel compilation is enabled and will use 16 of the 16 processors detected
Info (12021): Found 1 design units, including 1 entities, in source file /home/habid/Quartus_ITESO/ip_modules/rv32i_single_cycle/source/rv32i_single_cycle.v
    Info (12023): Found entity 1: rv32i_single_cycle File: /home/habid/Quartus_ITESO/ip_modules/rv32i_single_cycle/source/rv32i_single_cycle.v Line: 24
Info (12021): Found 1 design units, including 1 entities, in source file /home/habid/Quartus_ITESO/ip_modules/program_counter/source/program_counter.v
    Info (12023): Found entity 1: program_counter File: /home/habid/Quartus_ITESO/ip_modules/program_counter/source/program_counter.v Line: 8
Info (12021): Found 1 design units, including 1 entities, in source file /home/habid/Quartus_ITESO/ip_modules/adder_4_32b/source/adder_4_32b.v
    Info (12023): Found entity 1: adder_4_32b File: /home/habid/Quartus_ITESO/ip_modules/adder_4_32b/source/adder_4_32b.v Line: 1
Info (12021): Found 1 design units, including 1 entities, in source file /home/habid/Quartus_ITESO/ip_modules/rom_combinational_sc/source/rom_combinational_sc.v
    Info (12023): Found entity 1: rom_combinational_sc File: /home/habid/Quartus_ITESO/ip_modules/rom_combinational_sc/source/rom_combinational_sc.v Line: 14
Info (12021): Found 1 design units, including 1 entities, in source file /home/habid/Quartus_ITESO/ip_modules/main_control_rv32i/source/main_control_rv32i.v
    Info (12023): Found entity 1: main_control_rv32i File: /home/habid/Quartus_ITESO/ip_modules/main_control_rv32i/source/main_control_rv32i.v Line: 27
Info (12021): Found 1 design units, including 1 entities, in source file /home/habid/Quartus_ITESO/ip_modules/control_alu_rv32i/source/control_alu_rv32i.v
    Info (12023): Found entity 1: control_alu_rv32i File: /home/habid/Quartus_ITESO/ip_modules/control_alu_rv32i/source/control_alu_rv32i.v Line: 27
Info (12021): Found 1 design units, including 1 entities, in source file /home/habid/Quartus_ITESO/ip_modules/imm_generator/source/imm_generator.v
    Info (12023): Found entity 1: imm_generator File: /home/habid/Quartus_ITESO/ip_modules/imm_generator/source/imm_generator.v Line: 1
Info (12021): Found 1 design units, including 1 entities, in source file /home/habid/Quartus_ITESO/ip_modules/register_file/source/register_file.v
    Info (12023): Found entity 1: register_file File: /home/habid/Quartus_ITESO/ip_modules/register_file/source/register_file.v Line: 10
Info (12021): Found 1 design units, including 1 entities, in source file /home/habid/Quartus_ITESO/ip_modules/mux_2i_1o/source/mux_2i_1o.v
    Info (12023): Found entity 1: mux_2i_1o File: /home/habid/Quartus_ITESO/ip_modules/mux_2i_1o/source/mux_2i_1o.v Line: 5
Info (12021): Found 1 design units, including 1 entities, in source file /home/habid/Quartus_ITESO/ip_modules/mux_4i_1o/source/mux_4i_1o.v
    Info (12023): Found entity 1: mux_4i_1o File: /home/habid/Quartus_ITESO/ip_modules/mux_4i_1o/source/mux_4i_1o.v Line: 22
Info (12021): Found 1 design units, including 1 entities, in source file /home/habid/Quartus_ITESO/ip_modules/alu_riscv_rv32i/source/alu_riscv_rv32i.v
    Info (12023): Found entity 1: alu_riscv_rv32i File: /home/habid/Quartus_ITESO/ip_modules/alu_riscv_rv32i/source/alu_riscv_rv32i.v Line: 36
Info (12021): Found 1 design units, including 1 entities, in source file /home/habid/Quartus_ITESO/ip_modules/mul_module/source/mul_module.v
    Info (12023): Found entity 1: mul_module File: /home/habid/Quartus_ITESO/ip_modules/mul_module/source/mul_module.v Line: 10
Info (12021): Found 1 design units, including 1 entities, in source file /home/habid/Quartus_ITESO/ip_modules/data_memory/source/data_memory.v
    Info (12023): Found entity 1: data_memory File: /home/habid/Quartus_ITESO/ip_modules/data_memory/source/data_memory.v Line: 21
Info (12021): Found 1 design units, including 1 entities, in source file /home/habid/Quartus_ITESO/ip_modules/branch_unit/source/branch_unit.v
    Info (12023): Found entity 1: branch_unit File: /home/habid/Quartus_ITESO/ip_modules/branch_unit/source/branch_unit.v Line: 27
Info (12127): Elaborating entity "rv32i_single_cycle" for the top level hierarchy
Info (12128): Elaborating entity "program_counter" for hierarchy "program_counter:u_pc" File: /home/habid/Quartus_ITESO/ip_modules/rv32i_single_cycle/source/rv32i_single_cycle.v Line: 113
Info (12128): Elaborating entity "adder_4_32b" for hierarchy "adder_4_32b:u_pc_add4" File: /home/habid/Quartus_ITESO/ip_modules/rv32i_single_cycle/source/rv32i_single_cycle.v Line: 120
Info (12128): Elaborating entity "rom_combinational_sc" for hierarchy "rom_combinational_sc:u_imem" File: /home/habid/Quartus_ITESO/ip_modules/rv32i_single_cycle/source/rv32i_single_cycle.v Line: 129
Warning (10030): Net "rom_array.data_a" at rom_combinational_sc.v(22) has no driver or initial value, using a default initial value '0' File: /home/habid/Quartus_ITESO/ip_modules/rom_combinational_sc/source/rom_combinational_sc.v Line: 22
Warning (10030): Net "rom_array.waddr_a" at rom_combinational_sc.v(22) has no driver or initial value, using a default initial value '0' File: /home/habid/Quartus_ITESO/ip_modules/rom_combinational_sc/source/rom_combinational_sc.v Line: 22
Warning (10030): Net "rom_array.we_a" at rom_combinational_sc.v(22) has no driver or initial value, using a default initial value '0' File: /home/habid/Quartus_ITESO/ip_modules/rom_combinational_sc/source/rom_combinational_sc.v Line: 22
Info (12128): Elaborating entity "main_control_rv32i" for hierarchy "main_control_rv32i:u_main_ctrl" File: /home/habid/Quartus_ITESO/ip_modules/rv32i_single_cycle/source/rv32i_single_cycle.v Line: 148
Info (12128): Elaborating entity "control_alu_rv32i" for hierarchy "control_alu_rv32i:u_alu_ctrl" File: /home/habid/Quartus_ITESO/ip_modules/rv32i_single_cycle/source/rv32i_single_cycle.v Line: 159
Warning (10270): Verilog HDL Case Statement warning at control_alu_rv32i.v(43): incomplete case statement has no default case item File: /home/habid/Quartus_ITESO/ip_modules/control_alu_rv32i/source/control_alu_rv32i.v Line: 43
Info (12128): Elaborating entity "imm_generator" for hierarchy "imm_generator:u_imm_gen" File: /home/habid/Quartus_ITESO/ip_modules/rv32i_single_cycle/source/rv32i_single_cycle.v Line: 165
Info (12128): Elaborating entity "register_file" for hierarchy "register_file:u_reg_file" File: /home/habid/Quartus_ITESO/ip_modules/rv32i_single_cycle/source/rv32i_single_cycle.v Line: 177
Info (12128): Elaborating entity "mux_2i_1o" for hierarchy "mux_2i_1o:u_mux_alu_a" File: /home/habid/Quartus_ITESO/ip_modules/rv32i_single_cycle/source/rv32i_single_cycle.v Line: 189
Info (12128): Elaborating entity "alu_riscv_rv32i" for hierarchy "alu_riscv_rv32i:u_alu" File: /home/habid/Quartus_ITESO/ip_modules/rv32i_single_cycle/source/rv32i_single_cycle.v Line: 206
Info (12128): Elaborating entity "mul_module" for hierarchy "mul_module:u_mul" File: /home/habid/Quartus_ITESO/ip_modules/rv32i_single_cycle/source/rv32i_single_cycle.v Line: 213
Info (12128): Elaborating entity "data_memory" for hierarchy "data_memory:u_dmem" File: /home/habid/Quartus_ITESO/ip_modules/rv32i_single_cycle/source/rv32i_single_cycle.v Line: 229
Info (12128): Elaborating entity "mux_4i_1o" for hierarchy "mux_4i_1o:u_mux_result" File: /home/habid/Quartus_ITESO/ip_modules/rv32i_single_cycle/source/rv32i_single_cycle.v Line: 247
Info (12128): Elaborating entity "branch_unit" for hierarchy "branch_unit:u_branch" File: /home/habid/Quartus_ITESO/ip_modules/rv32i_single_cycle/source/rv32i_single_cycle.v Line: 269
Info (16010): Generating hard_block partition "hard_block:auto_generated_inst"
    Info (16011): Adding 0 node(s), including 0 DDIO, 0 PLL, 0 transceiver and 0 LCELL
Warning (21074): Design contains 2 input pin(s) that do not drive logic
    Warning (15610): No output dependent on input pin "clk" File: /home/habid/Quartus_ITESO/ip_modules/rv32i_single_cycle/source/rv32i_single_cycle.v Line: 30
    Warning (15610): No output dependent on input pin "rst" File: /home/habid/Quartus_ITESO/ip_modules/rv32i_single_cycle/source/rv32i_single_cycle.v Line: 32
Info (21057): Implemented 2 device resources after synthesis - the final resource count might be different
    Info (21058): Implemented 2 input pins
    Info (21059): Implemented 0 output pins
Info: Quartus Prime Analysis & Synthesis was successful. 0 errors, 8 warnings
    Info: Peak virtual memory: 428 megabytes
    Info: Processing ended: Sun Mar 29 00:08:18 2026
    Info: Elapsed time: 00:00:08
    Info: Total CPU time (on all processors): 00:00:30


