Analysis & Synthesis report for soc_rv32i_single_cycle
Sun Mar 29 22:23:50 2026
Quartus Prime Version 24.1std.0 Build 1077 03/04/2025 SC Lite Edition


---------------------
; Table of Contents ;
---------------------
  1. Legal Notice
  2. Analysis & Synthesis Summary
  3. Analysis & Synthesis Settings
  4. Parallel Compilation
  5. Multiplexer Restructuring Statistics (Restructuring Performed)
  6. Parameter Settings for User Entity Instance: Top-level Entity: |soc_rv32i_single_cycle
  7. Parameter Settings for User Entity Instance: rv32i_single_cycle:u_core
  8. Parameter Settings for User Entity Instance: rv32i_single_cycle:u_core|program_counter:u_pc
  9. Parameter Settings for User Entity Instance: rv32i_single_cycle:u_core|adder_4_32b:u_pc_add4
 10. Parameter Settings for User Entity Instance: rv32i_single_cycle:u_core|register_file:u_reg_file
 11. Parameter Settings for User Entity Instance: rv32i_single_cycle:u_core|mux_2i_1o:u_mux_alu_a
 12. Parameter Settings for User Entity Instance: rv32i_single_cycle:u_core|mux_2i_1o:u_mux_alu_b
 13. Parameter Settings for User Entity Instance: rv32i_single_cycle:u_core|alu_riscv_rv32i:u_alu
 14. Parameter Settings for User Entity Instance: rv32i_single_cycle:u_core|mul_module:u_mul
 15. Parameter Settings for User Entity Instance: rv32i_single_cycle:u_core|mux_4i_1o:u_mux_result
 16. Parameter Settings for User Entity Instance: rv32i_single_cycle:u_core|mux_2i_1o:u_mux_mul
 17. Parameter Settings for User Entity Instance: rv32i_single_cycle:u_core|adder_4_32b:u_pc_add_imm
 18. Parameter Settings for User Entity Instance: rv32i_single_cycle:u_core|mux_2i_1o:u_mux_jalr
 19. Parameter Settings for User Entity Instance: rv32i_single_cycle:u_core|mux_2i_1o:u_mux_pc_next
 20. Parameter Settings for User Entity Instance: rom_combinational_sc:u_imem
 21. Parameter Settings for User Entity Instance: data_memory:u_dmem
 22. Parameter Settings for Inferred Entity Instance: rv32i_single_cycle:u_core|mul_module:u_mul|lpm_mult:Mult0
 23. lpm_mult Parameter Settings by Entity Instance
 24. Port Connectivity Checks: "rv32i_single_cycle:u_core|mux_2i_1o:u_mux_jalr"
 25. Port Connectivity Checks: "rv32i_single_cycle:u_core|alu_riscv_rv32i:u_alu"
 26. Port Connectivity Checks: "rv32i_single_cycle:u_core|adder_4_32b:u_pc_add4"
 27. Port Connectivity Checks: "rv32i_single_cycle:u_core|program_counter:u_pc"
 28. Post-Synthesis Netlist Statistics for Top Partition
 29. Elapsed Time Per Partition
 30. Analysis & Synthesis Messages



----------------
; Legal Notice ;
----------------
Copyright (C) 2025  Altera Corporation. All rights reserved.
Your use of Altera Corporation's design tools, logic functions 
and other software and tools, and any partner logic 
functions, and any output files from any of the foregoing 
(including device programming or simulation files), and any 
associated documentation or information are expressly subject 
to the terms and conditions of the Altera Program License 
Subscription Agreement, the Altera Quartus Prime License Agreement,
the Altera IP License Agreement, or other applicable license
agreement, including, without limitation, that your use is for
the sole purpose of programming logic devices manufactured by
Altera and sold by Altera or its authorized distributors.  Please
refer to the Altera Software License Subscription Agreements 
on the Quartus Prime software download page.



+--------------------------------------------------------------------------------------+
; Analysis & Synthesis Summary                                                         ;
+------------------------------------+-------------------------------------------------+
; Analysis & Synthesis Status        ; Failed - Sun Mar 29 22:23:50 2026               ;
; Quartus Prime Version              ; 24.1std.0 Build 1077 03/04/2025 SC Lite Edition ;
; Revision Name                      ; soc_rv32i_single_cycle                          ;
; Top-level Entity Name              ; soc_rv32i_single_cycle                          ;
; Family                             ; Cyclone IV E                                    ;
; Total logic elements               ; N/A until Partition Merge                       ;
;     Total combinational functions  ; N/A until Partition Merge                       ;
;     Dedicated logic registers      ; N/A until Partition Merge                       ;
; Total registers                    ; N/A until Partition Merge                       ;
; Total pins                         ; N/A until Partition Merge                       ;
; Total virtual pins                 ; N/A until Partition Merge                       ;
; Total memory bits                  ; N/A until Partition Merge                       ;
; Embedded Multiplier 9-bit elements ; N/A until Partition Merge                       ;
; Total PLLs                         ; N/A until Partition Merge                       ;
+------------------------------------+-------------------------------------------------+


+--------------------------------------------------------------------------------------------------------------------+
; Analysis & Synthesis Settings                                                                                      ;
+------------------------------------------------------------------+------------------------+------------------------+
; Option                                                           ; Setting                ; Default Value          ;
+------------------------------------------------------------------+------------------------+------------------------+
; Device                                                           ; EP4CE115F29C7          ;                        ;
; Top-level entity name                                            ; soc_rv32i_single_cycle ; soc_rv32i_single_cycle ;
; Family name                                                      ; Cyclone IV E           ; Cyclone V              ;
; Use smart compilation                                            ; Off                    ; Off                    ;
; Enable parallel Assembler and Timing Analyzer during compilation ; On                     ; On                     ;
; Enable compact report table                                      ; Off                    ; Off                    ;
; Restructure Multiplexers                                         ; Auto                   ; Auto                   ;
; Create Debugging Nodes for IP Cores                              ; Off                    ; Off                    ;
; Preserve fewer node names                                        ; On                     ; On                     ;
; Intel FPGA IP Evaluation Mode                                    ; Enable                 ; Enable                 ;
; Verilog Version                                                  ; Verilog_2001           ; Verilog_2001           ;
; VHDL Version                                                     ; VHDL_1993              ; VHDL_1993              ;
; State Machine Processing                                         ; Auto                   ; Auto                   ;
; Safe State Machine                                               ; Off                    ; Off                    ;
; Extract Verilog State Machines                                   ; On                     ; On                     ;
; Extract VHDL State Machines                                      ; On                     ; On                     ;
; Ignore Verilog initial constructs                                ; Off                    ; Off                    ;
; Iteration limit for constant Verilog loops                       ; 5000                   ; 5000                   ;
; Iteration limit for non-constant Verilog loops                   ; 250                    ; 250                    ;
; Add Pass-Through Logic to Inferred RAMs                          ; On                     ; On                     ;
; Infer RAMs from Raw Logic                                        ; On                     ; On                     ;
; Parallel Synthesis                                               ; On                     ; On                     ;
; DSP Block Balancing                                              ; Auto                   ; Auto                   ;
; NOT Gate Push-Back                                               ; On                     ; On                     ;
; Power-Up Don't Care                                              ; On                     ; On                     ;
; Remove Redundant Logic Cells                                     ; Off                    ; Off                    ;
; Remove Duplicate Registers                                       ; On                     ; On                     ;
; Ignore CARRY Buffers                                             ; Off                    ; Off                    ;
; Ignore CASCADE Buffers                                           ; Off                    ; Off                    ;
; Ignore GLOBAL Buffers                                            ; Off                    ; Off                    ;
; Ignore ROW GLOBAL Buffers                                        ; Off                    ; Off                    ;
; Ignore LCELL Buffers                                             ; Off                    ; Off                    ;
; Ignore SOFT Buffers                                              ; On                     ; On                     ;
; Limit AHDL Integers to 32 Bits                                   ; Off                    ; Off                    ;
; Optimization Technique                                           ; Balanced               ; Balanced               ;
; Carry Chain Length                                               ; 70                     ; 70                     ;
; Auto Carry Chains                                                ; On                     ; On                     ;
; Auto Open-Drain Pins                                             ; On                     ; On                     ;
; Perform WYSIWYG Primitive Resynthesis                            ; Off                    ; Off                    ;
; Auto ROM Replacement                                             ; On                     ; On                     ;
; Auto RAM Replacement                                             ; On                     ; On                     ;
; Auto DSP Block Replacement                                       ; On                     ; On                     ;
; Auto Shift Register Replacement                                  ; Auto                   ; Auto                   ;
; Allow Shift Register Merging across Hierarchies                  ; Auto                   ; Auto                   ;
; Auto Clock Enable Replacement                                    ; On                     ; On                     ;
; Strict RAM Replacement                                           ; Off                    ; Off                    ;
; Allow Synchronous Control Signals                                ; On                     ; On                     ;
; Force Use of Synchronous Clear Signals                           ; Off                    ; Off                    ;
; Auto RAM Block Balancing                                         ; On                     ; On                     ;
; Auto RAM to Logic Cell Conversion                                ; Off                    ; Off                    ;
; Auto Resource Sharing                                            ; Off                    ; Off                    ;
; Allow Any RAM Size For Recognition                               ; Off                    ; Off                    ;
; Allow Any ROM Size For Recognition                               ; Off                    ; Off                    ;
; Allow Any Shift Register Size For Recognition                    ; Off                    ; Off                    ;
; Use LogicLock Constraints during Resource Balancing              ; On                     ; On                     ;
; Ignore translate_off and synthesis_off directives                ; Off                    ; Off                    ;
; Timing-Driven Synthesis                                          ; On                     ; On                     ;
; Report Parameter Settings                                        ; On                     ; On                     ;
; Report Source Assignments                                        ; On                     ; On                     ;
; Report Connectivity Checks                                       ; On                     ; On                     ;
; Ignore Maximum Fan-Out Assignments                               ; Off                    ; Off                    ;
; Synchronization Register Chain Length                            ; 2                      ; 2                      ;
; Power Optimization During Synthesis                              ; Normal compilation     ; Normal compilation     ;
; HDL message level                                                ; Level2                 ; Level2                 ;
; Suppress Register Optimization Related Messages                  ; Off                    ; Off                    ;
; Number of Removed Registers Reported in Synthesis Report         ; 5000                   ; 5000                   ;
; Number of Swept Nodes Reported in Synthesis Report               ; 5000                   ; 5000                   ;
; Number of Inverted Registers Reported in Synthesis Report        ; 100                    ; 100                    ;
; Clock MUX Protection                                             ; On                     ; On                     ;
; Auto Gated Clock Conversion                                      ; Off                    ; Off                    ;
; Block Design Naming                                              ; Auto                   ; Auto                   ;
; SDC constraint protection                                        ; Off                    ; Off                    ;
; Synthesis Effort                                                 ; Auto                   ; Auto                   ;
; Shift Register Replacement - Allow Asynchronous Clear Signal     ; On                     ; On                     ;
; Pre-Mapping Resynthesis Optimization                             ; Off                    ; Off                    ;
; Analysis & Synthesis Message Level                               ; Medium                 ; Medium                 ;
; Disable Register Merging Across Hierarchies                      ; Auto                   ; Auto                   ;
; Resource Aware Inference For Block RAM                           ; On                     ; On                     ;
+------------------------------------------------------------------+------------------------+------------------------+


+------------------------------------------+
; Parallel Compilation                     ;
+----------------------------+-------------+
; Processors                 ; Number      ;
+----------------------------+-------------+
; Number detected on machine ; 16          ;
; Maximum allowed            ; 16          ;
;                            ;             ;
; Average used               ; 1.02        ;
; Maximum used               ; 16          ;
;                            ;             ;
; Usage by Processor         ; % Time Used ;
;     Processor 1            ; 100.0%      ;
;     Processor 2            ;   0.1%      ;
;     Processor 3            ;   0.1%      ;
;     Processor 4            ;   0.1%      ;
;     Processor 5            ;   0.1%      ;
;     Processor 6            ;   0.1%      ;
;     Processor 7            ;   0.1%      ;
;     Processor 8            ;   0.1%      ;
;     Processors 9-16        ;   0.1%      ;
+----------------------------+-------------+


+----------------------------------------------------------------------------------------------------------------------------------------------------------------------------------------------------+
; Multiplexer Restructuring Statistics (Restructuring Performed)                                                                                                                                     ;
+--------------------+-----------+---------------+----------------------+------------------------+------------+--------------------------------------------------------------------------------------+
; Multiplexer Inputs ; Bus Width ; Baseline Area ; Area if Restructured ; Saving if Restructured ; Registered ; Example Multiplexer Output                                                           ;
+--------------------+-----------+---------------+----------------------+------------------------+------------+--------------------------------------------------------------------------------------+
; 3:1                ; 8 bits    ; 16 LEs        ; 8 LEs                ; 8 LEs                  ; Yes        ; |soc_rv32i_single_cycle|gpio_peripheral:u_gpio|gpio_out_reg[4]                       ;
; 4:1                ; 30 bits   ; 60 LEs        ; 60 LEs               ; 0 LEs                  ; Yes        ; |soc_rv32i_single_cycle|rv32i_single_cycle:u_core|program_counter:u_pc|o_pc[15]      ;
; 3:1                ; 5 bits    ; 10 LEs        ; 10 LEs               ; 0 LEs                  ; No         ; |soc_rv32i_single_cycle|rv32i_single_cycle:u_core|imm_generator:u_imm_gen|Selector7  ;
; 3:1                ; 4 bits    ; 8 LEs         ; 4 LEs                ; 4 LEs                  ; No         ; |soc_rv32i_single_cycle|rv32i_single_cycle:u_core|imm_generator:u_imm_gen|Selector14 ;
; 5:1                ; 2 bits    ; 6 LEs         ; 4 LEs                ; 2 LEs                  ; No         ; |soc_rv32i_single_cycle|rv32i_single_cycle:u_core|imm_generator:u_imm_gen|Selector4  ;
; 7:1                ; 24 bits   ; 96 LEs        ; 72 LEs               ; 24 LEs                 ; No         ; |soc_rv32i_single_cycle|rv32i_single_cycle:u_core|mux_2i_1o:u_mux_mul|o_out[17]      ;
; 8:1                ; 8 bits    ; 40 LEs        ; 32 LEs               ; 8 LEs                  ; No         ; |soc_rv32i_single_cycle|rv32i_single_cycle:u_core|mux_2i_1o:u_mux_mul|o_out[3]       ;
; 9:1                ; 4 bits    ; 24 LEs        ; 16 LEs               ; 8 LEs                  ; No         ; |soc_rv32i_single_cycle|rv32i_single_cycle:u_core|imm_generator:u_imm_gen|Selector22 ;
; 8:1                ; 6 bits    ; 30 LEs        ; 12 LEs               ; 18 LEs                 ; No         ; |soc_rv32i_single_cycle|rv32i_single_cycle:u_core|imm_generator:u_imm_gen|Selector12 ;
; 19:1               ; 8 bits    ; 96 LEs        ; 48 LEs               ; 48 LEs                 ; No         ; |soc_rv32i_single_cycle|rv32i_single_cycle:u_core|alu_riscv_rv32i:u_alu|Mux18        ;
; 20:1               ; 7 bits    ; 91 LEs        ; 49 LEs               ; 42 LEs                 ; No         ; |soc_rv32i_single_cycle|rv32i_single_cycle:u_core|alu_riscv_rv32i:u_alu|Mux14        ;
; 20:1               ; 4 bits    ; 52 LEs        ; 28 LEs               ; 24 LEs                 ; No         ; |soc_rv32i_single_cycle|rv32i_single_cycle:u_core|alu_riscv_rv32i:u_alu|Mux26        ;
; 21:1               ; 4 bits    ; 56 LEs        ; 32 LEs               ; 24 LEs                 ; No         ; |soc_rv32i_single_cycle|rv32i_single_cycle:u_core|alu_riscv_rv32i:u_alu|Mux4         ;
; 21:1               ; 2 bits    ; 28 LEs        ; 16 LEs               ; 12 LEs                 ; No         ; |soc_rv32i_single_cycle|rv32i_single_cycle:u_core|alu_riscv_rv32i:u_alu|Mux29        ;
; 22:1               ; 2 bits    ; 28 LEs        ; 18 LEs               ; 10 LEs                 ; No         ; |soc_rv32i_single_cycle|rv32i_single_cycle:u_core|alu_riscv_rv32i:u_alu|Mux2         ;
+--------------------+-----------+---------------+----------------------+------------------------+------------+--------------------------------------------------------------------------------------+


+----------------------------------------------------------------------------------------+
; Parameter Settings for User Entity Instance: Top-level Entity: |soc_rv32i_single_cycle ;
+----------------+----------------------------------+------------------------------------+
; Parameter Name ; Value                            ; Type                               ;
+----------------+----------------------------------+------------------------------------+
; IMEM_DEPTH     ; 64                               ; Signed Integer                     ;
; DMEM_DEPTH     ; 256                              ; Signed Integer                     ;
; RESET_VECTOR   ; 00000000010000000000000000000000 ; Unsigned Binary                    ;
; HEX_FILE       ; program.hex                      ; String                             ;
+----------------+----------------------------------+------------------------------------+
Note: In order to hide this table in the UI and the text report file, please set the "Show Parameter Settings in Synthesis Report" option in "Analysis and Synthesis Settings -> More Settings" to "Off".


+------------------------------------------------------------------------+
; Parameter Settings for User Entity Instance: rv32i_single_cycle:u_core ;
+----------------+----------------------------------+--------------------+
; Parameter Name ; Value                            ; Type               ;
+----------------+----------------------------------+--------------------+
; RESET_VECTOR   ; 00000000010000000000000000000000 ; Unsigned Binary    ;
+----------------+----------------------------------+--------------------+
Note: In order to hide this table in the UI and the text report file, please set the "Show Parameter Settings in Synthesis Report" option in "Analysis and Synthesis Settings -> More Settings" to "Off".


+---------------------------------------------------------------------------------------------+
; Parameter Settings for User Entity Instance: rv32i_single_cycle:u_core|program_counter:u_pc ;
+----------------+----------------------------------+-----------------------------------------+
; Parameter Name ; Value                            ; Type                                    ;
+----------------+----------------------------------+-----------------------------------------+
; WIDTH          ; 32                               ; Signed Integer                          ;
; RESET_VECTOR   ; 00000000010000000000000000000000 ; Unsigned Binary                         ;
+----------------+----------------------------------+-----------------------------------------+
Note: In order to hide this table in the UI and the text report file, please set the "Show Parameter Settings in Synthesis Report" option in "Analysis and Synthesis Settings -> More Settings" to "Off".


+----------------------------------------------------------------------------------------------+
; Parameter Settings for User Entity Instance: rv32i_single_cycle:u_core|adder_4_32b:u_pc_add4 ;
+----------------+-------+---------------------------------------------------------------------+
; Parameter Name ; Value ; Type                                                                ;
+----------------+-------+---------------------------------------------------------------------+
; WIDTH          ; 32    ; Signed Integer                                                      ;
+----------------+-------+---------------------------------------------------------------------+
Note: In order to hide this table in the UI and the text report file, please set the "Show Parameter Settings in Synthesis Report" option in "Analysis and Synthesis Settings -> More Settings" to "Off".


+-------------------------------------------------------------------------------------------------+
; Parameter Settings for User Entity Instance: rv32i_single_cycle:u_core|register_file:u_reg_file ;
+----------------+-------+------------------------------------------------------------------------+
; Parameter Name ; Value ; Type                                                                   ;
+----------------+-------+------------------------------------------------------------------------+
; WIDTH          ; 32    ; Signed Integer                                                         ;
+----------------+-------+------------------------------------------------------------------------+
Note: In order to hide this table in the UI and the text report file, please set the "Show Parameter Settings in Synthesis Report" option in "Analysis and Synthesis Settings -> More Settings" to "Off".


+----------------------------------------------------------------------------------------------+
; Parameter Settings for User Entity Instance: rv32i_single_cycle:u_core|mux_2i_1o:u_mux_alu_a ;
+----------------+-------+---------------------------------------------------------------------+
; Parameter Name ; Value ; Type                                                                ;
+----------------+-------+---------------------------------------------------------------------+
; WIDTH          ; 32    ; Signed Integer                                                      ;
+----------------+-------+---------------------------------------------------------------------+
Note: In order to hide this table in the UI and the text report file, please set the "Show Parameter Settings in Synthesis Report" option in "Analysis and Synthesis Settings -> More Settings" to "Off".


+----------------------------------------------------------------------------------------------+
; Parameter Settings for User Entity Instance: rv32i_single_cycle:u_core|mux_2i_1o:u_mux_alu_b ;
+----------------+-------+---------------------------------------------------------------------+
; Parameter Name ; Value ; Type                                                                ;
+----------------+-------+---------------------------------------------------------------------+
; WIDTH          ; 32    ; Signed Integer                                                      ;
+----------------+-------+---------------------------------------------------------------------+
Note: In order to hide this table in the UI and the text report file, please set the "Show Parameter Settings in Synthesis Report" option in "Analysis and Synthesis Settings -> More Settings" to "Off".


+----------------------------------------------------------------------------------------------+
; Parameter Settings for User Entity Instance: rv32i_single_cycle:u_core|alu_riscv_rv32i:u_alu ;
+----------------+-------+---------------------------------------------------------------------+
; Parameter Name ; Value ; Type                                                                ;
+----------------+-------+---------------------------------------------------------------------+
; WIDTH          ; 32    ; Signed Integer                                                      ;
+----------------+-------+---------------------------------------------------------------------+
Note: In order to hide this table in the UI and the text report file, please set the "Show Parameter Settings in Synthesis Report" option in "Analysis and Synthesis Settings -> More Settings" to "Off".


+-----------------------------------------------------------------------------------------+
; Parameter Settings for User Entity Instance: rv32i_single_cycle:u_core|mul_module:u_mul ;
+----------------+-------+----------------------------------------------------------------+
; Parameter Name ; Value ; Type                                                           ;
+----------------+-------+----------------------------------------------------------------+
; WIDTH          ; 32    ; Signed Integer                                                 ;
+----------------+-------+----------------------------------------------------------------+
Note: In order to hide this table in the UI and the text report file, please set the "Show Parameter Settings in Synthesis Report" option in "Analysis and Synthesis Settings -> More Settings" to "Off".


+-----------------------------------------------------------------------------------------------+
; Parameter Settings for User Entity Instance: rv32i_single_cycle:u_core|mux_4i_1o:u_mux_result ;
+----------------+-------+----------------------------------------------------------------------+
; Parameter Name ; Value ; Type                                                                 ;
+----------------+-------+----------------------------------------------------------------------+
; WIDTH          ; 32    ; Signed Integer                                                       ;
+----------------+-------+----------------------------------------------------------------------+
Note: In order to hide this table in the UI and the text report file, please set the "Show Parameter Settings in Synthesis Report" option in "Analysis and Synthesis Settings -> More Settings" to "Off".


+--------------------------------------------------------------------------------------------+
; Parameter Settings for User Entity Instance: rv32i_single_cycle:u_core|mux_2i_1o:u_mux_mul ;
+----------------+-------+-------------------------------------------------------------------+
; Parameter Name ; Value ; Type                                                              ;
+----------------+-------+-------------------------------------------------------------------+
; WIDTH          ; 32    ; Signed Integer                                                    ;
+----------------+-------+-------------------------------------------------------------------+
Note: In order to hide this table in the UI and the text report file, please set the "Show Parameter Settings in Synthesis Report" option in "Analysis and Synthesis Settings -> More Settings" to "Off".


+-------------------------------------------------------------------------------------------------+
; Parameter Settings for User Entity Instance: rv32i_single_cycle:u_core|adder_4_32b:u_pc_add_imm ;
+----------------+-------+------------------------------------------------------------------------+
; Parameter Name ; Value ; Type                                                                   ;
+----------------+-------+------------------------------------------------------------------------+
; WIDTH          ; 32    ; Signed Integer                                                         ;
+----------------+-------+------------------------------------------------------------------------+
Note: In order to hide this table in the UI and the text report file, please set the "Show Parameter Settings in Synthesis Report" option in "Analysis and Synthesis Settings -> More Settings" to "Off".


+---------------------------------------------------------------------------------------------+
; Parameter Settings for User Entity Instance: rv32i_single_cycle:u_core|mux_2i_1o:u_mux_jalr ;
+----------------+-------+--------------------------------------------------------------------+
; Parameter Name ; Value ; Type                                                               ;
+----------------+-------+--------------------------------------------------------------------+
; WIDTH          ; 32    ; Signed Integer                                                     ;
+----------------+-------+--------------------------------------------------------------------+
Note: In order to hide this table in the UI and the text report file, please set the "Show Parameter Settings in Synthesis Report" option in "Analysis and Synthesis Settings -> More Settings" to "Off".


+------------------------------------------------------------------------------------------------+
; Parameter Settings for User Entity Instance: rv32i_single_cycle:u_core|mux_2i_1o:u_mux_pc_next ;
+----------------+-------+-----------------------------------------------------------------------+
; Parameter Name ; Value ; Type                                                                  ;
+----------------+-------+-----------------------------------------------------------------------+
; WIDTH          ; 32    ; Signed Integer                                                        ;
+----------------+-------+-----------------------------------------------------------------------+
Note: In order to hide this table in the UI and the text report file, please set the "Show Parameter Settings in Synthesis Report" option in "Analysis and Synthesis Settings -> More Settings" to "Off".


+--------------------------------------------------------------------------+
; Parameter Settings for User Entity Instance: rom_combinational_sc:u_imem ;
+----------------+-------------+-------------------------------------------+
; Parameter Name ; Value       ; Type                                      ;
+----------------+-------------+-------------------------------------------+
; DEPTH          ; 64          ; Signed Integer                            ;
; HEX_FILE       ; program.hex ; String                                    ;
+----------------+-------------+-------------------------------------------+
Note: In order to hide this table in the UI and the text report file, please set the "Show Parameter Settings in Synthesis Report" option in "Analysis and Synthesis Settings -> More Settings" to "Off".


+-----------------------------------------------------------------+
; Parameter Settings for User Entity Instance: data_memory:u_dmem ;
+----------------+-------+----------------------------------------+
; Parameter Name ; Value ; Type                                   ;
+----------------+-------+----------------------------------------+
; DEPTH          ; 256   ; Signed Integer                         ;
+----------------+-------+----------------------------------------+
Note: In order to hide this table in the UI and the text report file, please set the "Show Parameter Settings in Synthesis Report" option in "Analysis and Synthesis Settings -> More Settings" to "Off".


+------------------------------------------------------------------------------------------------------------+
; Parameter Settings for Inferred Entity Instance: rv32i_single_cycle:u_core|mul_module:u_mul|lpm_mult:Mult0 ;
+------------------------------------------------+--------------+--------------------------------------------+
; Parameter Name                                 ; Value        ; Type                                       ;
+------------------------------------------------+--------------+--------------------------------------------+
; AUTO_CARRY_CHAINS                              ; ON           ; AUTO_CARRY                                 ;
; IGNORE_CARRY_BUFFERS                           ; OFF          ; IGNORE_CARRY                               ;
; AUTO_CASCADE_CHAINS                            ; ON           ; AUTO_CASCADE                               ;
; IGNORE_CASCADE_BUFFERS                         ; OFF          ; IGNORE_CASCADE                             ;
; LPM_WIDTHA                                     ; 32           ; Untyped                                    ;
; LPM_WIDTHB                                     ; 32           ; Untyped                                    ;
; LPM_WIDTHP                                     ; 64           ; Untyped                                    ;
; LPM_WIDTHR                                     ; 64           ; Untyped                                    ;
; LPM_WIDTHS                                     ; 1            ; Untyped                                    ;
; LPM_REPRESENTATION                             ; UNSIGNED     ; Untyped                                    ;
; LPM_PIPELINE                                   ; 0            ; Untyped                                    ;
; LATENCY                                        ; 0            ; Untyped                                    ;
; INPUT_A_IS_CONSTANT                            ; NO           ; Untyped                                    ;
; INPUT_B_IS_CONSTANT                            ; NO           ; Untyped                                    ;
; USE_EAB                                        ; OFF          ; Untyped                                    ;
; MAXIMIZE_SPEED                                 ; 5            ; Untyped                                    ;
; DEVICE_FAMILY                                  ; Cyclone IV E ; Untyped                                    ;
; CARRY_CHAIN                                    ; MANUAL       ; Untyped                                    ;
; APEX20K_TECHNOLOGY_MAPPER                      ; LUT          ; TECH_MAPPER_APEX20K                        ;
; DEDICATED_MULTIPLIER_CIRCUITRY                 ; AUTO         ; Untyped                                    ;
; DEDICATED_MULTIPLIER_MIN_INPUT_WIDTH_FOR_AUTO  ; 0            ; Untyped                                    ;
; DEDICATED_MULTIPLIER_MIN_OUTPUT_WIDTH_FOR_AUTO ; 0            ; Untyped                                    ;
; CBXI_PARAMETER                                 ; mult_7dt     ; Untyped                                    ;
; INPUT_A_FIXED_VALUE                            ; Bx           ; Untyped                                    ;
; INPUT_B_FIXED_VALUE                            ; Bx           ; Untyped                                    ;
; USE_AHDL_IMPLEMENTATION                        ; OFF          ; Untyped                                    ;
+------------------------------------------------+--------------+--------------------------------------------+
Note: In order to hide this table in the UI and the text report file, please set the "Show Parameter Settings in Synthesis Report" option in "Analysis and Synthesis Settings -> More Settings" to "Off".


+---------------------------------------------------------------------------------------------------+
; lpm_mult Parameter Settings by Entity Instance                                                    ;
+---------------------------------------+-----------------------------------------------------------+
; Name                                  ; Value                                                     ;
+---------------------------------------+-----------------------------------------------------------+
; Number of entity instances            ; 1                                                         ;
; Entity Instance                       ; rv32i_single_cycle:u_core|mul_module:u_mul|lpm_mult:Mult0 ;
;     -- LPM_WIDTHA                     ; 32                                                        ;
;     -- LPM_WIDTHB                     ; 32                                                        ;
;     -- LPM_WIDTHP                     ; 64                                                        ;
;     -- LPM_REPRESENTATION             ; UNSIGNED                                                  ;
;     -- INPUT_A_IS_CONSTANT            ; NO                                                        ;
;     -- INPUT_B_IS_CONSTANT            ; NO                                                        ;
;     -- USE_EAB                        ; OFF                                                       ;
;     -- DEDICATED_MULTIPLIER_CIRCUITRY ; AUTO                                                      ;
;     -- INPUT_A_FIXED_VALUE            ; Bx                                                        ;
;     -- INPUT_B_FIXED_VALUE            ; Bx                                                        ;
+---------------------------------------+-----------------------------------------------------------+


+----------------------------------------------------------------------------+
; Port Connectivity Checks: "rv32i_single_cycle:u_core|mux_2i_1o:u_mux_jalr" ;
+---------+-------+----------+-----------------------------------------------+
; Port    ; Type  ; Severity ; Details                                       ;
+---------+-------+----------+-----------------------------------------------+
; i_d1[0] ; Input ; Info     ; Stuck at GND                                  ;
+---------+-------+----------+-----------------------------------------------+


+------------------------------------------------------------------------------------------------------------------+
; Port Connectivity Checks: "rv32i_single_cycle:u_core|alu_riscv_rv32i:u_alu"                                      ;
+--------+--------+----------+-------------------------------------------------------------------------------------+
; Port   ; Type   ; Severity ; Details                                                                             ;
+--------+--------+----------+-------------------------------------------------------------------------------------+
; o_zero ; Output ; Info     ; Connected to dangling logic. Logic that only feeds a dangling port will be removed. ;
+--------+--------+----------+-------------------------------------------------------------------------------------+


+-----------------------------------------------------------------------------+
; Port Connectivity Checks: "rv32i_single_cycle:u_core|adder_4_32b:u_pc_add4" ;
+------------+-------+----------+---------------------------------------------+
; Port       ; Type  ; Severity ; Details                                     ;
+------------+-------+----------+---------------------------------------------+
; i_b[31..3] ; Input ; Info     ; Stuck at GND                                ;
; i_b[1..0]  ; Input ; Info     ; Stuck at GND                                ;
; i_b[2]     ; Input ; Info     ; Stuck at VCC                                ;
+------------+-------+----------+---------------------------------------------+


+----------------------------------------------------------------------------+
; Port Connectivity Checks: "rv32i_single_cycle:u_core|program_counter:u_pc" ;
+------+-------+----------+--------------------------------------------------+
; Port ; Type  ; Severity ; Details                                          ;
+------+-------+----------+--------------------------------------------------+
; en   ; Input ; Info     ; Stuck at VCC                                     ;
+------+-------+----------+--------------------------------------------------+


+-----------------------------------------------------+
; Post-Synthesis Netlist Statistics for Top Partition ;
+-----------------------+-----------------------------+
; Type                  ; Count                       ;
+-----------------------+-----------------------------+
; boundary_port         ; 18                          ;
; cycloneiii_ff         ; 9256                        ;
;     ENA               ; 9224                        ;
;     ENA SCLR          ; 2                           ;
;     SCLR SLD          ; 29                          ;
;     SLD               ; 1                           ;
; cycloneiii_lcell_comb ; 8236                        ;
;     arith             ; 180                         ;
;         2 data inputs ; 29                          ;
;         3 data inputs ; 151                         ;
;     normal            ; 8056                        ;
;         1 data inputs ; 1                           ;
;         2 data inputs ; 60                          ;
;         3 data inputs ; 274                         ;
;         4 data inputs ; 7721                        ;
; cycloneiii_mac_mult   ; 3                           ;
; cycloneiii_mac_out    ; 3                           ;
;                       ;                             ;
; Max LUT depth         ; 27.00                       ;
; Average LUT depth     ; 16.50                       ;
+-----------------------+-----------------------------+


+-------------------------------+
; Elapsed Time Per Partition    ;
+----------------+--------------+
; Partition Name ; Elapsed Time ;
+----------------+--------------+
; Top            ; 00:01:59     ;
+----------------+--------------+


+-------------------------------+
; Analysis & Synthesis Messages ;
+-------------------------------+
Info: *******************************************************************
Info: Running Quartus Prime Analysis & Synthesis
    Info: Version 24.1std.0 Build 1077 03/04/2025 SC Lite Edition
    Info: Processing started: Sun Mar 29 22:21:30 2026
Info: Command: quartus_map --read_settings_files=on --write_settings_files=off soc_rv32i_single_cycle -c soc_rv32i_single_cycle
Warning (18236): Number of processors has not been specified which may cause overloading on shared machines.  Set the global assignment NUM_PARALLEL_PROCESSORS in your QSF to an appropriate value for best performance.
Info (20030): Parallel compilation is enabled and will use 16 of the 16 processors detected
Info (12021): Found 1 design units, including 1 entities, in source file /users/angel/onedrive/escritorio/github_iteso/quartus_iteso/ip_modules/soc_rv32i_single_cycle/source/soc_rv32i_single_cycle.v
    Info (12023): Found entity 1: soc_rv32i_single_cycle File: C:/Users/ANGEL/OneDrive/Escritorio/GitHub_ITESO/Quartus_ITESO/ip_modules/soc_rv32i_single_cycle/source/soc_rv32i_single_cycle.v Line: 18
Info (12021): Found 1 design units, including 1 entities, in source file /users/angel/onedrive/escritorio/github_iteso/quartus_iteso/ip_modules/rv32i_single_cycle/source/rv32i_single_cycle.v
    Info (12023): Found entity 1: rv32i_single_cycle File: C:/Users/ANGEL/OneDrive/Escritorio/GitHub_ITESO/Quartus_ITESO/ip_modules/rv32i_single_cycle/source/rv32i_single_cycle.v Line: 23
Info (12021): Found 1 design units, including 1 entities, in source file /users/angel/onedrive/escritorio/github_iteso/quartus_iteso/ip_modules/program_counter/source/program_counter.v
    Info (12023): Found entity 1: program_counter File: C:/Users/ANGEL/OneDrive/Escritorio/GitHub_ITESO/Quartus_ITESO/ip_modules/program_counter/source/program_counter.v Line: 8
Info (12021): Found 1 design units, including 1 entities, in source file /users/angel/onedrive/escritorio/github_iteso/quartus_iteso/ip_modules/adder_4_32b/source/adder_4_32b.v
    Info (12023): Found entity 1: adder_4_32b File: C:/Users/ANGEL/OneDrive/Escritorio/GitHub_ITESO/Quartus_ITESO/ip_modules/adder_4_32b/source/adder_4_32b.v Line: 1
Info (12021): Found 1 design units, including 1 entities, in source file /users/angel/onedrive/escritorio/github_iteso/quartus_iteso/ip_modules/rom_combinational_sc/source/rom_combinational_sc.v
    Info (12023): Found entity 1: rom_combinational_sc File: C:/Users/ANGEL/OneDrive/Escritorio/GitHub_ITESO/Quartus_ITESO/ip_modules/rom_combinational_sc/source/rom_combinational_sc.v Line: 16
Info (12021): Found 1 design units, including 1 entities, in source file /users/angel/onedrive/escritorio/github_iteso/quartus_iteso/ip_modules/main_control_rv32i/source/main_control_rv32i.v
    Info (12023): Found entity 1: main_control_rv32i File: C:/Users/ANGEL/OneDrive/Escritorio/GitHub_ITESO/Quartus_ITESO/ip_modules/main_control_rv32i/source/main_control_rv32i.v Line: 27
Info (12021): Found 1 design units, including 1 entities, in source file /users/angel/onedrive/escritorio/github_iteso/quartus_iteso/ip_modules/control_alu_rv32i/source/control_alu_rv32i.v
    Info (12023): Found entity 1: control_alu_rv32i File: C:/Users/ANGEL/OneDrive/Escritorio/GitHub_ITESO/Quartus_ITESO/ip_modules/control_alu_rv32i/source/control_alu_rv32i.v Line: 27
Info (12021): Found 1 design units, including 1 entities, in source file /users/angel/onedrive/escritorio/github_iteso/quartus_iteso/ip_modules/imm_generator/source/imm_generator.v
    Info (12023): Found entity 1: imm_generator File: C:/Users/ANGEL/OneDrive/Escritorio/GitHub_ITESO/Quartus_ITESO/ip_modules/imm_generator/source/imm_generator.v Line: 1
Info (12021): Found 1 design units, including 1 entities, in source file /users/angel/onedrive/escritorio/github_iteso/quartus_iteso/ip_modules/register_file/source/register_file.v
    Info (12023): Found entity 1: register_file File: C:/Users/ANGEL/OneDrive/Escritorio/GitHub_ITESO/Quartus_ITESO/ip_modules/register_file/source/register_file.v Line: 10
Info (12021): Found 1 design units, including 1 entities, in source file /users/angel/onedrive/escritorio/github_iteso/quartus_iteso/ip_modules/mux_2i_1o/source/mux_2i_1o.v
    Info (12023): Found entity 1: mux_2i_1o File: C:/Users/ANGEL/OneDrive/Escritorio/GitHub_ITESO/Quartus_ITESO/ip_modules/mux_2i_1o/source/mux_2i_1o.v Line: 5
Info (12021): Found 1 design units, including 1 entities, in source file /users/angel/onedrive/escritorio/github_iteso/quartus_iteso/ip_modules/mux_4i_1o/source/mux_4i_1o.v
    Info (12023): Found entity 1: mux_4i_1o File: C:/Users/ANGEL/OneDrive/Escritorio/GitHub_ITESO/Quartus_ITESO/ip_modules/mux_4i_1o/source/mux_4i_1o.v Line: 22
Info (12021): Found 1 design units, including 1 entities, in source file /users/angel/onedrive/escritorio/github_iteso/quartus_iteso/ip_modules/alu_riscv_rv32i/source/alu_riscv_rv32i.v
    Info (12023): Found entity 1: alu_riscv_rv32i File: C:/Users/ANGEL/OneDrive/Escritorio/GitHub_ITESO/Quartus_ITESO/ip_modules/alu_riscv_rv32i/source/alu_riscv_rv32i.v Line: 36
Info (12021): Found 1 design units, including 1 entities, in source file /users/angel/onedrive/escritorio/github_iteso/quartus_iteso/ip_modules/mul_module/source/mul_module.v
    Info (12023): Found entity 1: mul_module File: C:/Users/ANGEL/OneDrive/Escritorio/GitHub_ITESO/Quartus_ITESO/ip_modules/mul_module/source/mul_module.v Line: 10
Info (12021): Found 1 design units, including 1 entities, in source file /users/angel/onedrive/escritorio/github_iteso/quartus_iteso/ip_modules/data_memory/source/data_memory.v
    Info (12023): Found entity 1: data_memory File: C:/Users/ANGEL/OneDrive/Escritorio/GitHub_ITESO/Quartus_ITESO/ip_modules/data_memory/source/data_memory.v Line: 21
Info (12021): Found 1 design units, including 1 entities, in source file /users/angel/onedrive/escritorio/github_iteso/quartus_iteso/ip_modules/branch_unit/source/branch_unit.v
    Info (12023): Found entity 1: branch_unit File: C:/Users/ANGEL/OneDrive/Escritorio/GitHub_ITESO/Quartus_ITESO/ip_modules/branch_unit/source/branch_unit.v Line: 27
Info (12021): Found 1 design units, including 1 entities, in source file /users/angel/onedrive/escritorio/github_iteso/quartus_iteso/ip_modules/addr_decoder/source/addr_decoder.v
    Info (12023): Found entity 1: addr_decoder File: C:/Users/ANGEL/OneDrive/Escritorio/GitHub_ITESO/Quartus_ITESO/ip_modules/addr_decoder/source/addr_decoder.v Line: 26
Info (12021): Found 1 design units, including 1 entities, in source file /users/angel/onedrive/escritorio/github_iteso/quartus_iteso/ip_modules/gpio_peripheral/source/gpio_peripheral.v
    Info (12023): Found entity 1: gpio_peripheral File: C:/Users/ANGEL/OneDrive/Escritorio/GitHub_ITESO/Quartus_ITESO/ip_modules/gpio_peripheral/source/gpio_peripheral.v Line: 24
Info (12127): Elaborating entity "soc_rv32i_single_cycle" for the top level hierarchy
Info (12128): Elaborating entity "rv32i_single_cycle" for hierarchy "rv32i_single_cycle:u_core" File: C:/Users/ANGEL/OneDrive/Escritorio/GitHub_ITESO/Quartus_ITESO/ip_modules/soc_rv32i_single_cycle/source/soc_rv32i_single_cycle.v Line: 73
Info (12128): Elaborating entity "program_counter" for hierarchy "rv32i_single_cycle:u_core|program_counter:u_pc" File: C:/Users/ANGEL/OneDrive/Escritorio/GitHub_ITESO/Quartus_ITESO/ip_modules/rv32i_single_cycle/source/rv32i_single_cycle.v Line: 129
Info (12128): Elaborating entity "adder_4_32b" for hierarchy "rv32i_single_cycle:u_core|adder_4_32b:u_pc_add4" File: C:/Users/ANGEL/OneDrive/Escritorio/GitHub_ITESO/Quartus_ITESO/ip_modules/rv32i_single_cycle/source/rv32i_single_cycle.v Line: 136
Info (12128): Elaborating entity "main_control_rv32i" for hierarchy "rv32i_single_cycle:u_core|main_control_rv32i:u_main_ctrl" File: C:/Users/ANGEL/OneDrive/Escritorio/GitHub_ITESO/Quartus_ITESO/ip_modules/rv32i_single_cycle/source/rv32i_single_cycle.v Line: 155
Info (12128): Elaborating entity "control_alu_rv32i" for hierarchy "rv32i_single_cycle:u_core|control_alu_rv32i:u_alu_ctrl" File: C:/Users/ANGEL/OneDrive/Escritorio/GitHub_ITESO/Quartus_ITESO/ip_modules/rv32i_single_cycle/source/rv32i_single_cycle.v Line: 166
Warning (10270): Verilog HDL Case Statement warning at control_alu_rv32i.v(43): incomplete case statement has no default case item File: C:/Users/ANGEL/OneDrive/Escritorio/GitHub_ITESO/Quartus_ITESO/ip_modules/control_alu_rv32i/source/control_alu_rv32i.v Line: 43
Info (12128): Elaborating entity "imm_generator" for hierarchy "rv32i_single_cycle:u_core|imm_generator:u_imm_gen" File: C:/Users/ANGEL/OneDrive/Escritorio/GitHub_ITESO/Quartus_ITESO/ip_modules/rv32i_single_cycle/source/rv32i_single_cycle.v Line: 172
Info (12128): Elaborating entity "register_file" for hierarchy "rv32i_single_cycle:u_core|register_file:u_reg_file" File: C:/Users/ANGEL/OneDrive/Escritorio/GitHub_ITESO/Quartus_ITESO/ip_modules/rv32i_single_cycle/source/rv32i_single_cycle.v Line: 184
Info (12128): Elaborating entity "mux_2i_1o" for hierarchy "rv32i_single_cycle:u_core|mux_2i_1o:u_mux_alu_a" File: C:/Users/ANGEL/OneDrive/Escritorio/GitHub_ITESO/Quartus_ITESO/ip_modules/rv32i_single_cycle/source/rv32i_single_cycle.v Line: 196
Info (12128): Elaborating entity "alu_riscv_rv32i" for hierarchy "rv32i_single_cycle:u_core|alu_riscv_rv32i:u_alu" File: C:/Users/ANGEL/OneDrive/Escritorio/GitHub_ITESO/Quartus_ITESO/ip_modules/rv32i_single_cycle/source/rv32i_single_cycle.v Line: 213
Info (12128): Elaborating entity "mul_module" for hierarchy "rv32i_single_cycle:u_core|mul_module:u_mul" File: C:/Users/ANGEL/OneDrive/Escritorio/GitHub_ITESO/Quartus_ITESO/ip_modules/rv32i_single_cycle/source/rv32i_single_cycle.v Line: 220
Info (12128): Elaborating entity "mux_4i_1o" for hierarchy "rv32i_single_cycle:u_core|mux_4i_1o:u_mux_result" File: C:/Users/ANGEL/OneDrive/Escritorio/GitHub_ITESO/Quartus_ITESO/ip_modules/rv32i_single_cycle/source/rv32i_single_cycle.v Line: 238
Info (12128): Elaborating entity "branch_unit" for hierarchy "rv32i_single_cycle:u_core|branch_unit:u_branch" File: C:/Users/ANGEL/OneDrive/Escritorio/GitHub_ITESO/Quartus_ITESO/ip_modules/rv32i_single_cycle/source/rv32i_single_cycle.v Line: 260
Info (12128): Elaborating entity "rom_combinational_sc" for hierarchy "rom_combinational_sc:u_imem" File: C:/Users/ANGEL/OneDrive/Escritorio/GitHub_ITESO/Quartus_ITESO/ip_modules/soc_rv32i_single_cycle/source/soc_rv32i_single_cycle.v Line: 85
Info (12128): Elaborating entity "addr_decoder" for hierarchy "addr_decoder:u_addr_dec" File: C:/Users/ANGEL/OneDrive/Escritorio/GitHub_ITESO/Quartus_ITESO/ip_modules/soc_rv32i_single_cycle/source/soc_rv32i_single_cycle.v Line: 104
Info (12128): Elaborating entity "data_memory" for hierarchy "data_memory:u_dmem" File: C:/Users/ANGEL/OneDrive/Escritorio/GitHub_ITESO/Quartus_ITESO/ip_modules/soc_rv32i_single_cycle/source/soc_rv32i_single_cycle.v Line: 119
Info (12128): Elaborating entity "gpio_peripheral" for hierarchy "gpio_peripheral:u_gpio" File: C:/Users/ANGEL/OneDrive/Escritorio/GitHub_ITESO/Quartus_ITESO/ip_modules/soc_rv32i_single_cycle/source/soc_rv32i_single_cycle.v Line: 137
Info (276014): Found 2 instances of uninferred RAM logic
    Info (276007): RAM logic "rv32i_single_cycle:u_core|register_file:u_reg_file|registers" is uninferred due to asynchronous read logic File: C:/Users/ANGEL/OneDrive/Escritorio/GitHub_ITESO/Quartus_ITESO/ip_modules/register_file/source/register_file.v Line: 66
    Info (276007): RAM logic "data_memory:u_dmem|mem_array" is uninferred due to asynchronous read logic File: C:/Users/ANGEL/OneDrive/Escritorio/GitHub_ITESO/Quartus_ITESO/ip_modules/data_memory/source/data_memory.v Line: 35
Info (278001): Inferred 1 megafunctions from design logic
    Info (278003): Inferred multiplier megafunction ("lpm_mult") from the following logic: "rv32i_single_cycle:u_core|mul_module:u_mul|Mult0" File: C:/Users/ANGEL/OneDrive/Escritorio/GitHub_ITESO/Quartus_ITESO/ip_modules/mul_module/source/mul_module.v Line: 23
Info (12130): Elaborated megafunction instantiation "rv32i_single_cycle:u_core|mul_module:u_mul|lpm_mult:Mult0" File: C:/Users/ANGEL/OneDrive/Escritorio/GitHub_ITESO/Quartus_ITESO/ip_modules/mul_module/source/mul_module.v Line: 23
Info (12133): Instantiated megafunction "rv32i_single_cycle:u_core|mul_module:u_mul|lpm_mult:Mult0" with the following parameter: File: C:/Users/ANGEL/OneDrive/Escritorio/GitHub_ITESO/Quartus_ITESO/ip_modules/mul_module/source/mul_module.v Line: 23
    Info (12134): Parameter "LPM_WIDTHA" = "32"
    Info (12134): Parameter "LPM_WIDTHB" = "32"
    Info (12134): Parameter "LPM_WIDTHP" = "64"
    Info (12134): Parameter "LPM_WIDTHR" = "64"
    Info (12134): Parameter "LPM_WIDTHS" = "1"
    Info (12134): Parameter "LPM_REPRESENTATION" = "UNSIGNED"
    Info (12134): Parameter "INPUT_A_IS_CONSTANT" = "NO"
    Info (12134): Parameter "INPUT_B_IS_CONSTANT" = "NO"
    Info (12134): Parameter "MAXIMIZE_SPEED" = "5"
Info (12021): Found 1 design units, including 1 entities, in source file db/mult_7dt.tdf
    Info (12023): Found entity 1: mult_7dt File: C:/Users/ANGEL/OneDrive/Escritorio/GitHub_ITESO/Quartus_ITESO/ip_modules/soc_rv32i_single_cycle/quartus_project/db/mult_7dt.tdf Line: 31
Warning (14284): Synthesized away the following node(s):
    Warning (14285): Synthesized away the following DSP element node(s):
        Warning (14320): Synthesized away node "rv32i_single_cycle:u_core|mul_module:u_mul|lpm_mult:Mult0|mult_7dt:auto_generated|mac_mult7" File: C:/Users/ANGEL/OneDrive/Escritorio/GitHub_ITESO/Quartus_ITESO/ip_modules/soc_rv32i_single_cycle/quartus_project/db/mult_7dt.tdf Line: 67
        Warning (14320): Synthesized away node "rv32i_single_cycle:u_core|mul_module:u_mul|lpm_mult:Mult0|mult_7dt:auto_generated|mac_out8" File: C:/Users/ANGEL/OneDrive/Escritorio/GitHub_ITESO/Quartus_ITESO/ip_modules/soc_rv32i_single_cycle/quartus_project/db/mult_7dt.tdf Line: 91
Info (13014): Ignored 84 buffer(s)
    Info (13019): Ignored 84 SOFT buffer(s)
Info (286030): Timing-Driven Synthesis is running
Error (138001): Cannot write to directory C:/Users/ANGEL/OneDrive/Escritorio/GitHub_ITESO/Quartus_ITESO/ip_modules/soc_rv32i_single_cycle/quartus_project/incremental_db, which is required for storing incremental compilation results.
Error (138001): Cannot write to directory C:/Users/ANGEL/OneDrive/Escritorio/GitHub_ITESO/Quartus_ITESO/ip_modules/soc_rv32i_single_cycle/quartus_project/incremental_db/compiled_partitions, which is required for storing incremental compilation results.
Error: Quartus Prime Analysis & Synthesis was unsuccessful. 2 errors, 6 warnings
    Error: Peak virtual memory: 4973 megabytes
    Error: Processing ended: Sun Mar 29 22:23:50 2026
    Error: Elapsed time: 00:02:20
    Error: Total CPU time (on all processors): 00:02:57


